============================================================
  Generated by:           Genus(TM) Synthesis Solution 19.10-p002_1
  Generated on:           Oct 21 2020  05:23:00 am
  Module:                 ALU_32
  Operating conditions:   typical 
  Interconnect mode:      global
  Area mode:              physical library
============================================================


Path 1: MET (1 ps) Path Delay Check
     Startpoint: (F) op_ctl[6]
       Endpoint: (R) zero

                   Capture    Launch  
      Path Delay:+    1000         -  
      Drv Adjust:+       0         0  
         Arrival:=    1000            
                                      
   Required Time:=    1000            
       Data Path:-     999            
           Slack:=       1            

Exceptions/Constraints:
  max_delay             1000            ALU_32.sdc_line_16 

#-----------------------------------------------------------------------------------------
#  Timing Point   Flags    Arc   Edge   Cell     Fanout Load Trans Delay Arrival Instance 
#                                                       (fF)  (ps)  (ps)   (ps)  Location 
#-----------------------------------------------------------------------------------------
  op_ctl[6]       -       -      F     (arrival)      2  3.6     0     0       0    (-,-) 
  drc_bufs23344/Z -       A->Z   F     BUF_X2         3  6.6     7    24      24    (-,-) 
  g22889/ZN       -       A->ZN  R     INV_X2         4 12.6    17    23      48    (-,-) 
  g22885__4547/ZN -       A2->ZN R     AND2_X2       29 54.0    65    95     142    (-,-) 
  g22860/ZN       -       A->ZN  F     INV_X1         2  3.4    16    15     158    (-,-) 
  g22777__9906/ZN -       A1->ZN R     NAND2_X1       1  2.2    11    19     177    (-,-) 
  g22618__1309/Z  -       S->Z   F     MUX2_X1        4  6.6    15    69     247    (-,-) 
  g22511__2391/ZN -       B1->ZN R     AOI22_X1       1  2.0    26    45     292    (-,-) 
  g22411__2250/ZN -       A2->ZN F     NAND2_X1       2  3.6    13    22     314    (-,-) 
  g22283__2250/ZN -       B1->ZN R     AOI221_X1      2  3.9    57    89     402    (-,-) 
  g22263__2900/ZN -       B1->ZN F     OAI21_X1       2  1.5    17    20     422    (-,-) 
  g22219__5703/ZN -       A3->ZN F     OR4_X1         1  1.2    17   112     534    (-,-) 
  g22205__2683/ZN -       A3->ZN F     OR4_X1         1  1.9    18   115     649    (-,-) 
  g22192__2703/ZN -       A4->ZN R     NOR4_X1        1  2.0    45    85     734    (-,-) 
  g22171__4547/ZN -       A4->ZN F     NAND4_X1       1  1.7    23    34     768    (-,-) 
  g22155__2703/ZN -       A2->ZN R     NOR4_X1        1  1.9    44    71     839    (-,-) 
  g22139__1474/ZN -       A2->ZN F     NAND4_X1       1  1.6    23    36     876    (-,-) 
  g22122__5266/ZN -       A1->ZN R     NOR4_X1        1  1.8    43    53     929    (-,-) 
  g22098__2900/ZN -       A1->ZN F     NAND4_X1       1  1.6    21    34     962    (-,-) 
  g22084__8780/ZN -       A1->ZN R     NOR4_X1        1  0.4    30    37     999    (-,-) 
  zero            <<<     -      R     (port)         -    -     -     0     999    (-,-) 
#-----------------------------------------------------------------------------------------

